[0m00:37:20.302522 [debug] [MainThread]: Sending event: {'category': 'dbt', 'action': 'invocation', 'label': 'start', 'context': [<snowplow_tracker.self_describing_json.SelfDescribingJson object at 0x000001EAC01B3D40>, <snowplow_tracker.self_describing_json.SelfDescribingJson object at 0x000001EAC2137530>, <snowplow_tracker.self_describing_json.SelfDescribingJson object at 0x000001EAC21371D0>]}


============================== 00:37:20.318800 | c68cec17-6a71-4b9a-87cf-f3bbc5c23c48 ==============================
[0m00:37:20.318800 [info ] [MainThread]: Running with dbt=1.9.4
[0m00:37:20.318800 [debug] [MainThread]: running dbt with arguments {'printer_width': '80', 'indirect_selection': 'eager', 'write_json': 'True', 'log_cache_events': 'False', 'partial_parse': 'True', 'cache_selected_only': 'False', 'profiles_dir': 'C:\\Users\\Oludipe j\\.dbt', 'version_check': 'True', 'debug': 'False', 'log_path': 'logs', 'warn_error': 'None', 'fail_fast': 'False', 'use_colors': 'True', 'use_experimental_parser': 'False', 'empty': 'None', 'quiet': 'False', 'no_print': 'None', 'log_format': 'default', 'introspect': 'True', 'static_parser': 'True', 'invocation_command': 'dbt init', 'target_path': 'None', 'warn_error_options': 'WarnErrorOptions(include=[], exclude=[])', 'send_anonymous_usage_stats': 'True'}
[0m00:37:20.344600 [warn ] [MainThread]: [ConfigFolderDirectory]: Unable to parse logging event dictionary. Failed to parse dir field: expected string or bytes-like object, got 'WindowsPath'.. Dictionary: {'dir': WindowsPath('C:/Users/Oludipe j/.dbt')}
[0m00:37:20.344600 [info ] [MainThread]: Creating dbt configuration folder at 
[0m00:37:57.383578 [debug] [MainThread]: Starter project path: C:\Users\Oludipe j\env\Lib\site-packages\dbt\include\starter_project
[0m00:37:57.420320 [info ] [MainThread]: 
Your new dbt project "custom_postgres" was created!

For more information on how to configure the profiles.yml file,
please consult the dbt documentation here:

  https://docs.getdbt.com/docs/configure-your-profile

One more thing:

Need help? Don't hesitate to reach out to us via GitHub issues or on Slack:

  https://community.getdbt.com/

Happy modeling!

[0m00:37:57.420320 [info ] [MainThread]: Setting up your profile.
[0m00:43:09.575512 [info ] [MainThread]: Profile custom_postgres written to C:\Users\Oludipe j\.dbt\profiles.yml using target's profile_template.yml and your supplied values. Run 'dbt debug' to validate the connection.
[0m00:43:09.575512 [debug] [MainThread]: Command `dbt init` succeeded at 00:43:09.575512 after 349.42 seconds
[0m00:43:09.575512 [debug] [MainThread]: Sending event: {'category': 'dbt', 'action': 'invocation', 'label': 'end', 'context': [<snowplow_tracker.self_describing_json.SelfDescribingJson object at 0x000001EAC22D38F0>, <snowplow_tracker.self_describing_json.SelfDescribingJson object at 0x000001EAC25B2600>, <snowplow_tracker.self_describing_json.SelfDescribingJson object at 0x000001EAC421E090>]}
[0m00:43:09.575512 [debug] [MainThread]: Flushing usage events
[0m00:43:10.090476 [debug] [MainThread]: An error was encountered while trying to flush usage events
